Namespace(Cluster_gamma=0.01, Feature_alpha=1.0, Label_beta=0.05, Use_tSNE=True, arch='resnet20_1w1a', batch_size=128, epochs=700, evaluate=False, lr=0.1, momentum=0.9, num_classes=10, print_freq=50, resume='', save_dir='saveModel-000', save_every=100, seed=2023, start_epoch=0, temperature=4.0, warm_up_epochs=8, weight_decay=0.0001, workers=4)
Epoch	train_loss	val_loss	train_acc	val_acc	
0	2.067	1.901	23.674	29.808
1	1.897	1.717	31.096	36.488
2	1.760	1.618	36.562	40.635
3	1.674	1.554	39.521	42.648
4	1.603	1.475	42.941	45.853
5	1.540	1.484	45.270	47.105
6	1.475	1.370	47.624	50.150
7	1.411	1.331	50.519	51.232
8	1.348	1.197	53.137	57.252
9	1.277	1.199	55.781	56.841
10	1.223	1.159	58.095	58.454
11	1.176	1.183	59.992	57.312
12	1.141	1.044	61.190	62.720
13	1.115	1.060	62.402	62.490
14	1.085	1.116	63.391	60.156
15	1.057	1.224	64.569	57.923
16	1.044	1.007	64.683	64.423
17	1.032	1.069	65.447	61.749
18	1.019	0.952	66.308	66.226
19	0.995	1.071	66.643	62.099
20	0.992	0.916	67.210	67.538
21	0.977	0.935	67.604	66.506
22	0.963	0.894	68.606	68.379
23	0.946	0.986	68.900	65.425
24	0.945	0.928	68.786	67.879
25	0.938	0.887	69.243	68.920
26	0.928	0.895	69.551	68.419
27	0.912	0.876	70.296	68.980
28	0.905	0.872	70.637	68.970
29	0.894	0.829	71.138	70.743
30	0.888	0.886	71.426	69.201
31	0.878	0.890	71.757	68.620
32	0.865	0.983	71.973	66.647
33	0.855	0.897	72.564	69.271
34	0.846	0.790	72.871	71.945
35	0.846	0.969	72.899	65.825
36	0.837	0.904	73.033	68.790
37	0.838	0.877	73.215	68.870
38	0.835	0.906	73.468	68.730
39	0.822	1.176	73.762	62.760
40	0.820	0.811	73.770	71.955
41	0.825	0.808	73.592	72.085
42	0.813	0.909	74.038	68.720
43	0.812	0.836	74.061	71.364
44	0.816	0.856	74.101	70.543
45	0.804	0.847	74.413	70.823
46	0.809	0.949	74.379	67.508
47	0.803	0.828	74.519	71.194
48	0.808	0.766	74.397	73.628
49	0.798	0.972	74.702	67.228
50	0.797	0.939	74.619	68.089
51	0.807	0.987	74.405	66.536
52	0.792	0.841	74.932	70.643
53	0.791	0.876	75.088	69.521
54	0.800	0.799	74.649	72.556
55	0.792	0.850	75.046	70.984
56	0.791	1.240	74.898	60.026
57	0.788	0.801	75.068	72.867
58	0.787	0.919	75.080	68.159
59	0.797	0.848	74.754	70.633
60	0.785	0.958	75.172	67.618
61	0.785	0.834	75.158	71.184
62	0.780	0.764	75.345	73.187
63	0.790	1.099	74.972	63.141
64	0.785	0.824	75.256	72.055
65	0.776	0.772	75.415	73.327
66	0.779	0.830	75.439	71.214
67	0.778	0.821	75.443	71.995
68	0.775	0.832	75.561	71.224
69	0.770	0.790	75.787	72.446
70	0.781	0.894	75.339	69.491
71	0.757	0.859	76.376	70.623
72	0.782	0.793	75.495	72.035
73	0.769	0.747	76.030	74.169
74	0.760	0.723	76.146	75.060
75	0.772	0.762	75.927	73.798
76	0.769	0.867	75.958	69.812
77	0.776	0.764	75.409	73.658
78	0.765	0.820	75.909	71.665
79	0.772	0.771	75.954	73.558
80	0.761	0.718	76.008	75.050
81	0.764	0.747	75.988	74.069
82	0.755	0.900	76.142	69.281
83	0.767	0.879	75.950	69.561
84	0.766	0.765	75.966	73.558
85	0.764	0.866	75.954	70.373
86	0.762	0.767	76.116	73.758
87	0.760	0.718	76.060	75.290
88	0.759	0.811	76.204	72.656
89	0.757	0.818	76.402	72.085
90	0.757	0.760	76.332	74.169
91	0.764	0.783	75.889	72.827
92	0.761	0.767	76.090	73.458
93	0.763	0.764	76.072	74.159
94	0.758	0.703	76.152	75.791
95	0.758	0.790	76.240	72.626
96	0.753	0.974	76.282	67.318
97	0.759	0.795	76.070	73.017
98	0.762	0.765	76.106	73.688
99	0.756	0.773	76.270	72.837
100	0.751	0.784	76.428	72.897
101	0.748	1.031	76.587	67.438
102	0.754	0.816	76.422	72.296
103	0.754	0.826	76.268	72.145
104	0.748	0.796	76.448	73.117
105	0.758	0.993	76.140	67.989
106	0.752	0.814	76.240	72.196
107	0.753	0.733	76.635	74.830
108	0.744	0.985	76.943	67.608
109	0.755	0.799	76.354	72.486
110	0.746	0.903	76.723	69.802
111	0.750	0.874	76.719	69.722
112	0.747	0.796	76.903	72.917
113	0.750	0.816	76.434	72.947
114	0.748	0.921	76.556	68.950
115	0.752	0.759	76.550	73.417
116	0.744	0.797	76.837	73.137
117	0.745	0.764	76.715	74.089
118	0.747	0.823	76.665	71.494
119	0.746	0.795	76.524	72.556
120	0.746	0.782	76.889	73.417
121	0.745	0.818	76.677	71.484
122	0.747	0.813	76.645	71.474
123	0.738	0.811	77.103	71.825
124	0.746	0.929	76.462	68.600
125	0.745	0.818	76.805	72.115
126	0.735	0.993	77.063	67.448
127	0.737	0.933	77.198	68.710
128	0.738	0.830	77.087	71.504
129	0.749	0.857	76.378	70.272
130	0.743	0.945	76.837	68.900
131	0.738	0.762	76.891	73.538
132	0.740	0.845	76.965	70.463
133	0.741	0.994	76.991	66.336
134	0.739	0.756	77.011	74.359
135	0.732	0.695	77.242	75.721
136	0.739	0.759	76.895	73.838
137	0.735	0.901	77.067	70.453
138	0.736	0.691	76.929	75.801
139	0.737	0.749	77.099	73.788
140	0.734	0.750	77.083	74.850
141	0.733	0.750	77.452	74.219
142	0.734	0.771	77.334	74.018
143	0.734	0.884	77.472	69.792
144	0.734	0.735	77.065	75.341
145	0.735	0.950	77.248	68.490
146	0.732	0.805	77.286	73.157
147	0.737	0.712	77.198	74.790
148	0.731	0.733	77.125	74.379
149	0.732	0.712	77.188	75.210
150	0.729	0.965	77.376	67.348
151	0.727	0.763	77.376	73.568
152	0.730	0.772	77.294	73.227
153	0.737	0.845	77.374	71.034
154	0.738	0.901	77.027	69.932
155	0.739	0.695	76.917	75.942
156	0.732	1.307	77.085	59.415
157	0.732	0.808	77.131	71.945
158	0.731	0.775	77.444	73.928
159	0.735	0.680	77.141	76.583
160	0.731	0.858	77.232	71.094
161	0.730	0.703	77.244	75.631
162	0.732	0.736	77.157	74.649
163	0.731	0.702	77.438	76.532
164	0.738	0.779	77.139	73.067
165	0.725	0.724	77.478	75.451
166	0.727	4.764	77.332	30.799
167	0.727	0.682	77.302	76.983
168	0.727	0.708	77.240	75.180
169	0.727	0.724	77.484	75.080
170	0.734	0.808	77.173	71.605
171	0.728	0.752	77.296	74.439
172	0.728	0.796	77.208	71.875
173	0.725	0.801	77.546	72.666
174	0.729	0.710	77.382	75.571
175	0.730	0.828	77.242	71.635
176	0.728	0.806	77.302	71.975
177	0.728	0.854	77.506	70.633
178	0.729	0.698	77.360	75.401
179	0.725	0.820	77.538	71.484
180	0.724	0.706	77.390	75.671
181	0.724	0.842	77.378	71.464
182	0.726	0.804	77.586	72.386
183	0.724	0.895	77.344	71.234
184	0.721	0.829	77.512	71.374
185	0.720	0.814	77.718	72.346
186	0.725	0.795	77.476	72.656
187	0.725	0.760	77.496	73.407
188	0.726	0.846	77.344	70.433
189	0.728	0.737	77.350	74.609
190	0.723	0.757	77.536	74.048
191	0.717	0.724	77.973	74.609
192	0.724	0.920	77.652	67.969
193	0.721	0.798	77.554	71.735
194	0.721	0.852	77.692	71.615
195	0.724	0.886	77.500	70.483
196	0.712	0.744	77.831	74.840
197	0.723	0.784	77.646	72.937
198	0.714	0.703	77.877	76.042
199	0.721	0.797	77.474	72.716
200	0.723	0.805	77.586	72.837
201	0.718	0.786	77.708	72.786
202	0.726	0.821	77.404	72.596
203	0.720	0.733	77.688	74.790
204	0.720	0.789	77.586	72.556
205	0.718	0.762	77.829	73.678
206	0.711	0.839	77.991	70.182
207	0.720	0.817	77.704	72.155
208	0.710	0.694	78.401	75.491
209	0.709	0.774	77.897	73.588
210	0.715	0.744	77.929	74.619
211	0.714	0.708	78.061	75.441
212	0.719	0.793	77.698	72.907
213	0.716	0.767	77.923	74.008
214	0.715	0.710	77.885	75.431
215	0.710	0.784	78.169	72.065
216	0.710	0.749	78.089	73.998
217	0.711	0.785	78.001	72.796
218	0.714	0.862	77.758	70.172
219	0.705	0.682	78.257	76.332
220	0.713	0.745	77.867	74.609
221	0.710	0.814	78.051	73.548
222	0.710	0.917	78.017	69.932
223	0.715	0.812	78.001	71.705
224	0.715	0.721	77.819	75.561
225	0.714	0.693	77.873	75.801
226	0.704	0.728	78.375	75.160
227	0.711	0.683	77.905	76.342
228	0.711	0.765	78.203	74.159
229	0.710	0.679	77.857	75.992
230	0.708	0.772	78.117	73.758
231	0.715	0.732	77.802	74.830
232	0.719	0.705	77.678	75.801
233	0.709	0.749	78.115	74.109
234	0.719	0.735	77.674	74.559
235	0.714	0.687	78.069	76.142
236	0.705	0.697	78.321	76.232
237	0.715	0.794	77.744	72.827
238	0.705	0.665	78.315	77.254
239	0.706	0.701	78.087	76.032
240	0.713	0.891	78.015	68.950
241	0.707	0.815	78.149	72.596
242	0.707	0.747	78.105	74.309
243	0.702	0.808	78.253	72.256
244	0.701	0.679	78.175	76.472
245	0.703	0.747	78.305	74.179
246	0.704	0.731	78.117	75.481
247	0.707	0.725	78.091	74.900
248	0.708	0.839	78.085	71.865
249	0.701	0.792	78.417	73.177
250	0.702	0.686	78.546	76.362
251	0.702	0.901	78.425	70.463
252	0.699	0.774	78.462	73.958
253	0.703	0.839	78.233	72.276
254	0.711	0.664	77.949	76.873
255	0.701	0.721	78.458	75.180
256	0.703	1.014	78.179	67.568
257	0.701	0.721	78.401	75.311
258	0.704	0.738	78.121	73.958
259	0.707	0.817	78.083	71.995
260	0.695	0.639	78.618	78.165
261	0.699	0.753	78.383	74.389
262	0.694	0.697	78.524	75.150
263	0.703	0.693	78.233	75.721
264	0.699	0.760	78.538	74.339
265	0.695	0.720	78.630	75.321
266	0.693	0.683	78.401	76.573
267	0.697	0.699	78.576	76.322
268	0.694	0.765	78.722	73.688
269	0.703	0.888	78.075	71.014
270	0.686	0.744	78.982	74.469
271	0.699	0.742	78.618	74.790
272	0.689	0.903	78.572	70.282
273	0.694	0.767	78.678	73.107
274	0.698	0.746	78.502	73.868
275	0.699	0.698	78.518	75.571
276	0.693	0.744	78.774	74.279
277	0.701	0.719	78.403	75.351
278	0.696	0.803	78.582	72.105
279	0.696	0.767	78.574	73.518
280	0.692	0.776	78.478	73.578
281	0.694	0.690	78.429	76.262
282	0.689	0.752	78.742	74.559
283	0.692	0.783	78.724	73.007
284	0.689	0.640	78.984	78.005
285	0.688	0.714	78.846	75.260
286	0.689	0.707	78.728	75.661
287	0.690	0.728	79.075	74.910
288	0.688	0.788	79.058	72.516
289	0.690	0.623	78.738	78.576
290	0.693	0.883	78.740	69.992
291	0.686	0.765	79.012	73.528
292	0.688	0.717	78.976	75.461
293	0.692	0.640	78.648	77.965
294	0.687	0.633	78.972	77.875
295	0.687	0.723	78.888	75.741
296	0.685	0.814	78.850	72.296
297	0.684	0.730	78.938	74.569
298	0.688	0.665	78.966	77.133
299	0.682	0.759	79.227	73.978
300	0.689	0.689	79.135	76.262
301	0.684	0.783	78.860	73.347
302	0.685	0.682	78.932	76.322
303	0.687	0.698	78.906	75.481
304	0.683	0.690	79.028	76.162
305	0.681	0.786	79.281	72.716
306	0.682	0.660	79.183	77.344
307	0.683	0.785	79.030	73.097
308	0.681	0.809	79.199	72.716
309	0.685	0.686	78.766	76.482
310	0.683	0.704	78.976	75.691
311	0.689	0.682	78.846	76.102
312	0.676	0.786	79.309	72.957
313	0.682	0.659	79.137	76.853
314	0.681	0.703	79.145	75.661
315	0.686	0.677	78.954	76.282
316	0.677	0.639	79.239	78.115
317	0.681	0.834	79.329	72.135
318	0.682	0.663	79.085	76.943
319	0.682	0.740	79.113	74.349
320	0.675	0.712	79.421	75.421
321	0.673	0.729	79.375	75.000
322	0.670	0.674	79.529	76.813
323	0.675	0.842	79.407	71.404
324	0.677	0.709	79.325	75.461
325	0.677	0.780	79.297	72.356
326	0.679	0.731	79.165	74.720
327	0.676	0.648	79.367	77.684
328	0.679	0.728	79.125	75.240
329	0.680	0.848	79.257	71.955
330	0.672	0.679	79.313	76.482
331	0.672	0.755	79.427	74.389
332	0.669	0.686	79.615	76.242
333	0.676	0.823	79.245	72.226
334	0.671	0.726	79.239	75.621
335	0.669	0.686	79.355	76.653
336	0.675	0.770	79.283	73.037
337	0.672	0.720	79.399	75.240
338	0.672	0.733	79.479	74.740
339	0.676	0.616	79.281	78.516
340	0.670	0.819	79.383	71.615
341	0.668	0.750	79.513	74.409
342	0.676	0.660	79.271	76.973
343	0.668	1.006	79.451	67.468
344	0.666	0.718	79.325	75.521
345	0.671	0.760	79.457	73.948
346	0.668	0.628	79.611	78.415
347	0.665	0.616	79.587	78.706
348	0.671	0.629	79.393	78.486
349	0.663	0.675	79.746	76.402
350	0.665	0.640	79.653	78.315
351	0.663	0.648	79.730	77.885
352	0.666	0.769	79.679	74.018
353	0.668	0.711	79.675	75.260
354	0.669	0.611	79.273	78.976
355	0.661	0.670	79.874	76.522
356	0.665	0.630	79.523	78.105
357	0.662	0.629	79.681	77.815
358	0.659	0.649	79.882	77.464
359	0.658	0.657	80.076	77.324
360	0.657	0.758	79.880	74.459
361	0.657	0.693	79.818	76.342
362	0.663	0.654	79.716	77.534
363	0.656	0.818	79.998	73.017
364	0.659	0.614	79.802	79.046
365	0.659	0.803	80.084	72.446
366	0.656	0.652	80.000	77.454
367	0.661	0.599	79.601	79.517
368	0.654	0.615	79.826	78.906
369	0.656	0.697	79.874	76.102
370	0.653	0.661	79.924	77.053
371	0.651	0.763	80.178	73.417
372	0.660	0.650	79.934	77.133
373	0.653	0.646	80.256	77.935
374	0.652	0.613	80.347	78.596
375	0.652	0.686	79.918	76.733
376	0.655	0.584	80.054	79.848
377	0.654	0.684	80.026	76.422
378	0.649	0.684	80.134	76.162
379	0.646	0.656	80.284	77.194
380	0.650	0.684	80.102	76.743
381	0.650	0.710	80.218	75.561
382	0.654	0.635	80.138	78.385
383	0.643	0.711	80.188	75.451
384	0.645	0.649	80.477	77.784
385	0.647	0.662	80.282	77.173
386	0.649	0.634	80.288	78.566
387	0.645	0.603	80.495	79.056
388	0.637	0.669	80.709	76.763
389	0.643	0.589	80.535	79.357
390	0.645	0.621	80.397	78.486
391	0.642	0.738	80.499	74.860
392	0.645	0.696	80.353	75.992
393	0.642	0.706	80.357	75.681
394	0.642	0.728	80.521	74.830
395	0.641	0.623	80.383	78.866
396	0.635	0.662	80.649	77.514
397	0.643	0.667	80.551	77.133
398	0.635	0.663	80.613	77.264
399	0.643	0.627	80.593	77.985
400	0.639	0.631	80.437	78.045
401	0.639	0.585	80.535	79.838
402	0.635	0.642	80.631	77.504
403	0.641	0.584	80.385	79.748
404	0.638	0.718	80.559	75.200
405	0.641	0.576	80.483	80.218
406	0.634	0.602	80.769	79.677
407	0.641	0.635	80.595	78.335
408	0.635	0.580	80.673	80.018
409	0.640	0.650	80.565	77.584
410	0.634	0.628	80.563	78.546
411	0.638	0.649	80.635	77.754
412	0.630	0.601	80.791	79.547
413	0.630	0.610	81.026	79.207
414	0.631	0.604	80.877	79.437
415	0.629	0.644	80.901	78.436
416	0.629	0.662	80.833	77.384
417	0.630	0.624	81.032	78.806
418	0.622	0.561	81.234	80.649
419	0.627	0.600	81.022	78.846
420	0.629	0.624	80.958	78.786
421	0.625	0.626	81.054	78.496
422	0.628	0.595	80.883	79.006
423	0.620	0.698	81.150	76.172
424	0.622	0.618	81.074	78.085
425	0.624	0.612	81.228	78.826
426	0.626	0.619	81.042	78.726
427	0.621	0.592	81.364	79.547
428	0.621	0.635	81.270	78.195
429	0.620	0.577	81.234	79.778
430	0.621	0.640	81.338	78.055
431	0.621	0.612	81.216	79.067
432	0.614	0.628	81.558	78.205
433	0.617	0.579	81.218	80.278
434	0.618	0.593	81.418	79.267
435	0.610	0.623	81.785	78.636
436	0.621	0.627	81.206	78.536
437	0.622	0.651	81.170	77.845
438	0.611	0.605	81.569	79.097
439	0.620	0.629	81.186	78.005
440	0.613	0.623	81.400	78.616
441	0.612	0.637	81.657	78.105
442	0.615	0.591	81.386	79.327
443	0.611	0.622	81.544	78.706
444	0.615	0.662	81.398	77.454
445	0.613	0.632	81.573	77.915
446	0.606	0.597	81.877	78.956
447	0.612	0.610	81.434	79.407
448	0.605	0.573	81.761	80.509
449	0.604	0.587	81.815	80.288
450	0.605	0.617	81.689	78.726
451	0.609	0.565	81.625	80.509
452	0.605	0.583	81.697	80.238
453	0.601	0.649	81.895	77.835
454	0.608	0.595	81.504	79.337
455	0.602	0.641	81.667	77.354
456	0.602	0.594	81.973	80.288
457	0.600	0.589	81.871	79.818
458	0.596	0.567	82.057	80.539
459	0.594	0.568	82.153	80.329
460	0.599	0.590	82.065	79.818
461	0.597	0.588	82.031	79.227
462	0.598	0.595	82.035	79.928
463	0.598	0.557	81.981	80.839
464	0.595	0.670	82.015	76.943
465	0.590	0.579	82.338	80.238
466	0.590	0.757	82.382	75.150
467	0.589	0.557	82.448	80.699
468	0.593	0.598	82.242	78.946
469	0.594	0.553	82.115	80.779
470	0.590	0.564	82.486	80.379
471	0.589	0.615	82.320	79.147
472	0.589	0.633	82.424	78.175
473	0.590	0.585	82.296	80.449
474	0.588	0.556	82.368	80.829
475	0.585	0.564	82.430	80.479
476	0.587	0.574	82.454	80.258
477	0.582	0.582	82.821	79.798
478	0.582	0.574	82.604	80.679
479	0.582	0.567	82.634	80.369
480	0.584	0.557	82.540	80.779
481	0.583	0.547	82.744	81.110
482	0.580	0.565	82.648	80.569
483	0.575	0.569	82.891	80.198
484	0.581	0.557	82.696	81.150
485	0.577	0.555	82.726	81.190
486	0.579	0.586	82.778	79.888
487	0.579	0.515	82.905	82.161
488	0.569	0.578	83.137	80.589
489	0.567	0.523	83.009	82.131
490	0.570	0.608	83.045	78.826
491	0.571	0.533	82.833	81.440
492	0.567	0.548	83.079	81.591
493	0.567	0.557	83.267	80.529
494	0.566	0.566	83.301	80.288
495	0.566	0.534	83.261	81.611
496	0.569	0.524	83.149	82.111
497	0.565	0.556	83.217	80.970
498	0.566	0.544	83.125	81.080
499	0.565	0.538	83.019	81.561
500	0.562	0.537	83.295	81.220
501	0.561	0.527	83.247	81.671
502	0.562	0.572	83.169	80.479
503	0.560	0.552	83.273	81.090
504	0.559	0.559	83.540	81.180
505	0.556	0.561	83.421	80.198
506	0.557	0.533	83.612	81.821
507	0.554	0.524	83.612	82.021
508	0.551	0.532	83.500	81.370
509	0.554	0.541	83.582	81.450
510	0.548	0.543	83.744	81.320
511	0.550	0.535	83.818	81.330
512	0.552	0.527	83.756	81.981
513	0.551	0.560	83.640	80.619
514	0.551	0.543	83.748	81.430
515	0.547	0.506	83.886	82.412
516	0.550	0.527	83.798	81.681
517	0.547	0.576	83.818	79.938
518	0.548	0.524	83.744	81.851
519	0.540	0.506	84.123	82.552
520	0.544	0.533	83.882	81.991
521	0.546	0.514	83.832	82.472
522	0.543	0.493	84.034	83.413
523	0.536	0.537	84.277	81.360
524	0.540	0.511	83.958	82.181
525	0.536	0.523	84.061	82.101
526	0.537	0.538	84.131	81.170
527	0.541	0.515	83.906	81.931
528	0.539	0.530	84.179	81.530
529	0.533	0.509	84.349	82.622
530	0.537	0.534	84.139	81.671
531	0.534	0.509	84.263	82.642
532	0.534	0.515	84.111	82.392
533	0.531	0.512	84.321	82.752
534	0.534	0.514	84.277	82.212
535	0.532	0.566	84.503	80.589
536	0.536	0.513	84.251	82.161
537	0.536	0.516	84.321	82.542
538	0.531	0.541	84.125	81.200
539	0.529	0.505	84.527	82.402
540	0.528	0.528	84.653	81.691
541	0.531	0.523	84.417	82.041
542	0.527	0.499	84.547	82.622
543	0.527	0.519	84.635	82.332
544	0.522	0.508	84.667	82.772
545	0.527	0.561	84.637	80.519
546	0.519	0.491	84.794	82.772
547	0.527	0.502	84.539	82.973
548	0.523	0.538	84.734	81.440
549	0.516	0.501	85.036	82.833
550	0.517	0.492	84.952	83.143
551	0.514	0.509	85.012	82.372
552	0.518	0.514	84.746	82.252
553	0.512	0.468	85.052	84.075
554	0.511	0.505	84.968	82.752
555	0.510	0.526	85.064	81.791
556	0.514	0.493	84.946	82.702
557	0.512	0.495	85.268	83.163
558	0.504	0.485	85.343	83.273
559	0.504	0.472	85.341	83.954
560	0.505	0.510	85.150	83.073
561	0.502	0.502	85.561	82.833
562	0.502	0.537	85.441	81.571
563	0.493	0.503	85.685	82.422
564	0.494	0.476	85.573	83.964
565	0.497	0.486	85.563	83.403
566	0.492	0.496	85.789	82.612
567	0.490	0.478	85.887	83.674
568	0.488	0.480	85.942	83.013
569	0.485	0.455	86.034	84.415
570	0.483	0.472	86.190	83.964
571	0.488	0.505	85.889	82.622
572	0.486	0.454	86.066	84.445
573	0.483	0.493	86.154	83.043
574	0.477	0.457	86.358	84.335
575	0.481	0.514	86.082	82.342
576	0.472	0.474	86.404	83.974
577	0.474	0.475	86.442	84.175
578	0.469	0.458	86.641	84.155
579	0.469	0.469	86.679	83.864
580	0.458	0.473	87.031	83.964
581	0.465	0.444	86.849	84.776
582	0.463	0.461	86.691	84.065
583	0.464	0.455	86.897	84.215
584	0.463	0.444	86.679	84.896
585	0.459	0.443	86.973	84.766
586	0.453	0.457	87.151	84.295
587	0.453	0.440	87.214	85.136
588	0.455	0.443	87.196	84.966
589	0.454	0.445	87.198	84.625
590	0.450	0.442	87.270	84.816
591	0.447	0.461	87.474	84.105
592	0.448	0.443	87.338	85.116
593	0.441	0.448	87.626	84.706
594	0.445	0.443	87.416	84.856
595	0.441	0.438	87.670	85.597
596	0.441	0.436	87.522	84.986
597	0.441	0.434	87.650	85.046
598	0.436	0.439	87.778	84.796
599	0.439	0.450	87.646	84.635
600	0.436	0.458	87.802	84.385
601	0.438	0.432	87.865	85.096
602	0.432	0.427	87.931	85.266
603	0.429	0.422	88.149	85.507
604	0.434	0.433	87.644	85.076
605	0.431	0.430	88.009	84.876
606	0.429	0.425	88.087	85.276
607	0.426	0.432	88.123	85.317
608	0.428	0.431	88.023	85.236
609	0.425	0.432	88.149	85.176
610	0.425	0.434	88.159	85.387
611	0.426	0.410	88.173	86.068
612	0.422	0.414	88.305	86.098
613	0.427	0.412	88.205	85.978
614	0.424	0.418	88.125	85.226
615	0.418	0.406	88.562	85.677
616	0.419	0.415	88.323	85.517
617	0.415	0.416	88.514	85.767
618	0.415	0.417	88.582	85.597
619	0.410	0.414	88.734	85.637
620	0.416	0.411	88.425	85.687
621	0.413	0.414	88.638	85.988
622	0.416	0.416	88.377	85.978
623	0.414	0.416	88.598	85.787
624	0.414	0.410	88.492	85.897
625	0.410	0.402	88.558	86.428
626	0.411	0.412	88.676	86.148
627	0.412	0.411	88.508	86.228
628	0.410	0.417	88.750	85.717
629	0.409	0.412	88.680	85.827
630	0.410	0.413	88.656	85.857
631	0.409	0.407	88.532	86.158
632	0.407	0.416	88.830	85.948
633	0.409	0.422	88.696	85.557
634	0.407	0.405	88.694	85.917
635	0.407	0.417	88.828	85.787
636	0.401	0.410	88.892	86.038
637	0.404	0.403	89.091	86.278
638	0.404	0.406	88.698	86.038
639	0.401	0.399	89.061	86.268
640	0.402	0.407	88.806	86.068
641	0.403	0.410	88.948	86.238
642	0.402	0.402	89.022	86.318
643	0.402	0.407	88.996	86.408
644	0.402	0.405	88.960	86.248
645	0.398	0.402	88.992	86.138
646	0.403	0.398	88.950	86.298
647	0.399	0.409	88.960	86.028
648	0.401	0.401	89.097	86.508
649	0.400	0.406	88.940	86.128
650	0.397	0.403	89.089	86.418
651	0.397	0.403	89.163	85.917
652	0.397	0.407	89.103	85.998
653	0.397	0.409	89.147	86.018
654	0.397	0.396	88.984	86.829
655	0.398	0.399	89.199	86.208
656	0.398	0.397	89.042	86.388
657	0.397	0.404	89.121	86.248
658	0.396	0.406	89.187	86.348
659	0.397	0.394	89.129	86.488
660	0.397	0.400	89.073	86.188
661	0.393	0.403	89.241	86.358
662	0.396	0.397	89.093	86.058
663	0.393	0.399	89.040	86.308
664	0.394	0.401	89.341	86.388
665	0.395	0.396	89.283	86.278
666	0.394	0.398	89.281	86.198
667	0.392	0.398	89.377	86.368
668	0.395	0.397	89.251	86.378
669	0.391	0.395	89.395	86.518
670	0.392	0.395	89.311	86.528
671	0.389	0.394	89.301	86.498
672	0.392	0.397	89.299	86.769
673	0.391	0.396	89.349	86.689
674	0.388	0.395	89.565	86.428
675	0.389	0.396	89.475	86.418
676	0.386	0.401	89.607	86.308
677	0.385	0.395	89.597	86.528
678	0.389	0.399	89.437	86.198
679	0.389	0.397	89.333	86.478
680	0.392	0.400	89.305	86.448
681	0.389	0.391	89.503	86.368
682	0.388	0.393	89.355	86.779
683	0.385	0.395	89.643	86.368
684	0.388	0.397	89.441	86.619
685	0.386	0.391	89.537	86.659
686	0.387	0.395	89.483	86.458
687	0.383	0.396	89.595	86.679
688	0.389	0.400	89.381	86.388
689	0.382	0.392	89.758	86.428
690	0.385	0.395	89.581	86.358
691	0.384	0.384	89.607	86.989
692	0.386	0.390	89.541	86.528
693	0.385	0.390	89.521	86.829
694	0.386	0.395	89.531	86.659
695	0.385	0.392	89.537	86.548
696	0.383	0.387	89.529	86.699
697	0.385	0.391	89.487	86.639
698	0.385	0.383	89.661	87.149
699	0.383	0.391	89.581	86.538
