Namespace(Cluster_gamma=0.01, Feature_alpha=1.0, Label_beta=0.05, Use_tSNE=True, arch='ResNet18', batch_size=128, epochs=800, evaluate=False, lr=0.3, momentum=0.9, num_classes=10, print_freq=50, resume='', save_dir='saveModel-000', save_every=100, seed=2023, start_epoch=0, temperature=4.0, warm_up_epochs=16, weight_decay=1e-05, workers=4)
Epoch	train_loss	val_loss	train_acc	val_acc	
0	2.082	1.960	28.203	32.652
1	1.933	1.570	35.076	43.470
2	1.734	1.492	41.408	46.955
3	1.492	1.256	48.736	54.688
4	1.325	1.235	54.487	55.589
5	1.216	1.166	58.786	58.914
6	1.136	1.065	61.436	61.769
7	1.087	1.010	63.435	63.381
8	1.035	0.923	65.104	67.238
9	0.989	0.987	67.212	64.994
10	0.949	0.836	68.520	70.593
11	0.919	0.812	69.988	71.765
12	0.887	0.866	70.821	69.832
13	0.861	0.872	71.845	69.852
14	0.835	0.803	72.973	72.075
15	0.809	0.820	73.826	71.665
16	0.777	0.767	74.918	73.508
17	0.744	0.690	76.312	75.781
18	0.715	0.702	77.368	75.731
19	0.686	0.782	78.468	73.728
20	0.656	0.624	79.417	78.425
21	0.638	0.632	80.184	78.365
22	0.626	0.597	80.501	79.698
23	0.605	0.622	81.308	78.736
24	0.589	0.648	81.807	77.875
25	0.565	0.583	82.514	80.389
26	0.552	0.554	82.979	81.450
27	0.536	0.549	83.698	81.150
28	0.523	0.552	84.046	81.901
29	0.516	0.563	84.415	81.170
30	0.508	0.616	84.561	79.908
31	0.492	0.554	85.192	81.210
32	0.484	0.548	85.479	81.500
33	0.478	0.466	85.535	84.004
34	0.474	0.510	85.905	83.203
35	0.458	0.506	86.206	82.812
36	0.445	0.480	86.789	84.145
37	0.446	0.494	86.865	83.674
38	0.445	0.464	86.695	84.686
39	0.428	0.506	87.336	83.393
40	0.420	0.456	87.520	84.505
41	0.421	0.482	87.538	83.954
42	0.411	0.476	87.991	84.445
43	0.411	0.437	87.748	85.377
44	0.405	0.473	88.167	84.635
45	0.392	0.460	88.367	84.806
46	0.401	0.456	88.239	84.645
47	0.388	0.484	88.758	84.235
48	0.388	0.459	88.524	84.625
49	0.377	0.504	88.954	83.554
50	0.373	0.456	89.089	84.786
51	0.372	0.428	89.014	85.677
52	0.365	0.480	89.379	84.105
53	0.369	0.467	89.113	84.726
54	0.354	0.511	89.679	83.704
55	0.356	0.520	89.716	83.804
56	0.351	0.439	89.914	85.417
57	0.349	0.449	89.988	85.256
58	0.345	0.422	90.066	85.958
59	0.347	0.481	89.920	83.874
60	0.340	0.460	90.182	84.916
61	0.340	0.423	90.329	86.078
62	0.334	0.448	90.419	85.437
63	0.330	0.411	90.595	86.448
64	0.328	0.438	90.597	85.487
65	0.319	0.540	90.785	83.343
66	0.328	0.413	90.631	87.059
67	0.322	0.420	90.777	86.538
68	0.320	0.459	90.865	85.407
69	0.318	0.480	90.879	84.686
70	0.320	0.527	90.785	82.963
71	0.312	0.420	91.104	86.318
72	0.304	0.469	91.320	84.956
73	0.311	0.427	91.222	86.278
74	0.307	0.432	91.348	86.168
75	0.305	0.506	91.288	83.884
76	0.295	0.398	91.631	87.550
77	0.298	0.542	91.484	83.614
78	0.298	0.388	91.460	87.340
79	0.298	0.450	91.480	85.657
80	0.296	0.453	91.538	85.517
81	0.292	0.438	91.723	85.637
82	0.291	0.444	91.765	85.817
83	0.290	0.412	91.683	86.528
84	0.284	0.455	92.005	85.146
85	0.282	0.415	91.967	86.639
86	0.280	0.497	92.151	84.545
87	0.289	0.448	91.801	85.787
88	0.280	0.434	92.049	86.138
89	0.280	0.408	92.033	86.909
90	0.280	0.402	92.069	86.759
91	0.269	0.436	92.518	86.248
92	0.272	0.463	92.304	85.447
93	0.270	0.435	92.456	86.498
94	0.271	0.429	92.374	86.058
95	0.264	0.456	92.636	85.907
96	0.272	0.462	92.286	85.667
97	0.266	0.440	92.510	85.827
98	0.271	0.410	92.362	86.919
99	0.258	0.423	92.841	86.599
100	0.266	0.447	92.388	86.078
101	0.259	0.469	92.812	85.427
102	0.262	0.447	92.662	86.178
103	0.260	0.417	92.712	87.019
104	0.255	0.396	92.798	87.780
105	0.256	0.428	92.909	86.969
106	0.262	0.465	92.674	85.547
107	0.245	0.493	93.145	84.726
108	0.257	0.431	92.911	86.458
109	0.255	0.421	92.909	86.468
110	0.257	0.424	92.780	86.959
111	0.252	0.436	93.065	86.368
112	0.249	0.387	93.077	87.931
113	0.245	0.411	93.069	87.420
114	0.248	0.423	93.115	86.889
115	0.250	0.491	92.985	84.976
116	0.248	0.371	93.019	88.161
117	0.239	0.422	93.413	86.869
118	0.244	0.399	93.225	87.420
119	0.239	0.406	93.241	87.079
120	0.249	0.409	93.257	87.360
121	0.240	0.418	93.341	86.999
122	0.245	0.416	93.165	86.989
123	0.240	0.398	93.317	87.200
124	0.232	0.441	93.568	86.959
125	0.236	0.416	93.522	87.069
126	0.235	0.385	93.612	87.811
127	0.234	0.394	93.359	87.570
128	0.234	0.423	93.670	86.969
129	0.232	0.400	93.568	87.871
130	0.230	0.423	93.670	87.480
131	0.231	0.424	93.674	87.019
132	0.227	0.385	93.730	88.211
133	0.232	0.388	93.566	87.851
134	0.228	0.388	93.896	87.981
135	0.228	0.410	93.640	87.630
136	0.222	0.396	93.850	87.630
137	0.232	0.404	93.472	87.310
138	0.224	0.364	93.848	88.311
139	0.230	0.371	93.566	88.361
140	0.219	0.448	93.960	86.138
141	0.222	0.419	93.894	86.839
142	0.218	0.382	93.950	88.011
143	0.226	0.454	93.788	85.807
144	0.219	0.368	93.888	88.341
145	0.222	0.464	93.938	85.867
146	0.225	0.424	93.850	87.290
147	0.216	0.387	94.024	87.480
148	0.221	0.388	93.880	88.301
149	0.219	0.398	94.016	87.480
150	0.213	0.382	94.119	88.251
151	0.214	0.391	94.097	87.680
152	0.217	0.372	94.036	88.391
153	0.215	0.399	94.129	87.590
154	0.212	0.428	94.285	87.290
155	0.214	0.375	94.083	88.271
156	0.210	0.409	94.195	87.250
157	0.213	0.403	94.191	87.380
158	0.211	0.433	94.195	86.909
159	0.212	0.398	94.123	87.710
160	0.213	0.409	94.141	87.480
161	0.209	0.426	94.163	86.649
162	0.213	0.369	94.149	88.492
163	0.206	0.362	94.467	88.512
164	0.204	0.401	94.353	87.540
165	0.205	0.444	94.443	86.739
166	0.210	0.381	94.317	88.271
167	0.207	0.413	94.301	87.510
168	0.206	0.383	94.433	88.041
169	0.210	0.401	94.253	87.730
170	0.198	0.385	94.688	87.941
171	0.201	0.374	94.515	88.722
172	0.197	0.405	94.589	87.981
173	0.203	0.381	94.477	88.171
174	0.198	0.417	94.675	87.620
175	0.197	0.474	94.565	86.228
176	0.203	0.340	94.547	89.503
177	0.198	0.372	94.549	88.712
178	0.208	0.355	94.257	88.742
179	0.200	0.393	94.463	87.700
180	0.202	0.383	94.417	87.700
181	0.197	0.395	94.543	88.101
182	0.196	0.382	94.698	88.442
183	0.197	0.374	94.623	88.602
184	0.193	0.412	94.836	87.200
185	0.204	0.387	94.299	88.171
186	0.191	0.360	94.790	88.762
187	0.193	0.401	94.866	87.891
188	0.199	0.387	94.473	88.161
189	0.194	0.406	94.746	87.490
190	0.186	0.379	95.000	88.532
191	0.188	0.372	94.902	88.712
192	0.195	0.411	94.657	87.800
193	0.187	0.400	94.968	88.031
194	0.184	0.406	95.008	87.790
195	0.192	0.403	94.804	87.630
196	0.192	0.413	94.832	87.280
197	0.190	0.392	94.760	87.941
198	0.185	0.368	95.082	88.622
199	0.194	0.418	94.692	87.660
200	0.185	0.367	94.918	88.602
201	0.186	0.390	94.906	88.201
202	0.187	0.370	94.940	88.942
203	0.184	0.420	94.944	87.260
204	0.180	0.356	95.136	89.062
205	0.184	0.389	94.972	88.642
206	0.182	0.429	95.158	87.370
207	0.180	0.476	95.222	85.507
208	0.181	0.368	95.126	88.291
209	0.183	0.392	95.008	88.201
210	0.188	0.399	94.828	88.321
211	0.183	0.376	94.986	88.462
212	0.177	0.344	95.236	89.383
213	0.177	0.409	95.262	88.041
214	0.176	0.432	95.190	87.220
215	0.180	0.394	95.190	88.121
216	0.181	0.409	95.166	88.081
217	0.183	0.403	95.086	87.961
218	0.175	0.414	95.272	87.690
219	0.178	0.389	95.164	88.452
220	0.175	0.414	95.272	87.861
221	0.179	0.394	95.142	88.371
222	0.172	0.419	95.399	87.360
223	0.175	0.373	95.276	88.562
224	0.184	0.409	94.926	87.760
225	0.176	0.435	95.196	87.190
226	0.178	0.440	95.148	87.190
227	0.179	0.390	95.236	88.111
228	0.170	0.390	95.463	87.941
229	0.176	0.379	95.272	88.552
230	0.166	0.381	95.563	88.742
231	0.176	0.402	95.286	87.871
232	0.171	0.376	95.447	88.952
233	0.171	0.373	95.425	88.532
234	0.164	0.400	95.643	88.061
235	0.176	0.435	95.274	86.919
236	0.171	0.428	95.461	87.129
237	0.172	0.428	95.439	87.750
238	0.168	0.388	95.519	88.281
239	0.173	0.462	95.323	87.089
240	0.171	0.467	95.397	86.649
241	0.171	0.378	95.345	88.722
242	0.167	0.364	95.513	89.083
243	0.169	0.364	95.447	88.822
244	0.166	0.425	95.505	87.790
245	0.168	0.402	95.443	88.622
246	0.169	0.420	95.523	87.540
247	0.162	0.394	95.675	88.221
248	0.168	0.393	95.517	88.241
249	0.165	0.397	95.593	87.750
250	0.171	0.434	95.363	87.019
251	0.161	0.436	95.757	87.240
252	0.168	0.352	95.501	89.073
253	0.168	0.390	95.447	87.941
254	0.159	0.445	95.833	87.350
255	0.160	0.385	95.875	88.532
256	0.158	0.395	95.791	88.612
257	0.164	0.372	95.589	88.882
258	0.166	0.413	95.577	88.241
259	0.158	0.383	95.799	88.682
260	0.156	0.410	95.805	87.921
261	0.158	0.372	95.785	88.932
262	0.159	0.423	95.873	87.650
263	0.156	0.363	95.895	89.123
264	0.158	0.397	95.863	88.001
265	0.157	0.446	95.857	87.009
266	0.159	0.389	95.735	88.281
267	0.153	0.400	96.044	88.692
268	0.154	0.357	95.851	89.363
269	0.156	0.413	95.885	87.720
270	0.153	0.372	95.907	88.912
271	0.159	0.423	95.767	87.861
272	0.160	0.366	95.795	89.093
273	0.156	0.461	95.831	86.168
274	0.160	0.406	95.847	87.740
275	0.151	0.473	95.982	86.548
276	0.157	0.405	95.823	88.472
277	0.152	0.357	96.000	89.253
278	0.151	0.418	95.984	87.861
279	0.158	0.412	95.791	87.991
280	0.155	0.427	95.968	87.650
281	0.153	0.352	95.980	89.744
282	0.151	0.433	95.952	87.129
283	0.152	0.384	96.014	88.582
284	0.150	0.379	96.016	88.572
285	0.150	0.447	96.134	87.470
286	0.153	0.423	95.887	87.700
287	0.151	0.376	96.054	88.822
288	0.145	0.365	96.236	89.213
289	0.150	0.397	96.036	88.552
290	0.144	0.424	96.252	87.750
291	0.150	0.372	96.008	88.942
292	0.151	0.373	96.006	88.892
293	0.150	0.384	96.034	88.502
294	0.151	0.369	96.012	89.113
295	0.154	0.396	95.903	88.442
296	0.151	0.414	95.954	88.011
297	0.148	0.406	96.118	88.592
298	0.142	0.388	96.296	88.882
299	0.144	0.412	96.236	88.381
300	0.143	0.352	96.216	89.513
301	0.141	0.351	96.328	89.523
302	0.143	0.368	96.266	89.153
303	0.150	0.364	96.040	88.902
304	0.140	0.379	96.336	89.243
305	0.143	0.382	96.296	88.512
306	0.141	0.370	96.310	89.032
307	0.141	0.408	96.272	88.111
308	0.143	0.364	96.256	89.263
309	0.139	0.354	96.308	89.283
310	0.138	0.382	96.396	89.113
311	0.139	0.436	96.428	87.530
312	0.141	0.364	96.294	89.062
313	0.137	0.400	96.360	88.442
314	0.145	0.426	96.232	87.841
315	0.133	0.370	96.450	89.513
316	0.134	0.391	96.498	88.702
317	0.143	0.386	96.238	88.982
318	0.136	0.370	96.540	89.373
319	0.135	0.356	96.500	89.443
320	0.139	0.344	96.370	89.714
321	0.135	0.364	96.565	89.313
322	0.133	0.368	96.623	89.062
323	0.139	0.408	96.252	88.512
324	0.129	0.401	96.683	88.622
325	0.135	0.392	96.520	88.812
326	0.132	0.393	96.589	88.512
327	0.128	0.391	96.735	88.762
328	0.135	0.409	96.476	88.582
329	0.139	0.406	96.344	88.732
330	0.133	0.420	96.544	88.361
331	0.128	0.405	96.695	88.371
332	0.134	0.391	96.601	88.562
333	0.133	0.360	96.583	89.343
334	0.130	0.363	96.653	89.323
335	0.128	0.364	96.803	88.992
336	0.130	0.352	96.629	89.543
337	0.135	0.372	96.466	89.032
338	0.130	0.377	96.671	89.293
339	0.123	0.353	96.793	89.784
340	0.132	0.388	96.623	89.103
341	0.132	0.356	96.446	89.563
342	0.125	0.343	96.813	90.154
343	0.121	0.384	96.905	89.163
344	0.124	0.363	96.829	89.193
345	0.126	0.360	96.795	89.333
346	0.138	0.366	96.370	89.483
347	0.123	0.368	96.843	89.042
348	0.130	0.386	96.667	89.133
349	0.127	0.349	96.743	89.964
350	0.119	0.380	96.993	88.932
351	0.120	0.360	96.871	89.293
352	0.126	0.401	96.767	88.662
353	0.129	0.421	96.579	88.321
354	0.127	0.359	96.685	89.864
355	0.122	0.383	96.871	88.762
356	0.119	0.359	97.031	89.623
357	0.119	0.337	96.983	90.054
358	0.126	0.374	96.727	88.942
359	0.124	0.426	96.797	88.101
360	0.117	0.400	97.043	88.281
361	0.118	0.345	96.985	90.154
362	0.120	0.388	96.951	89.022
363	0.116	0.384	97.107	89.203
364	0.120	0.410	96.981	88.472
365	0.117	0.377	97.097	89.203
366	0.121	0.373	97.019	89.153
367	0.118	0.417	96.967	88.351
368	0.118	0.349	97.035	89.914
369	0.117	0.381	97.039	88.892
370	0.111	0.351	97.226	89.994
371	0.123	0.384	96.877	89.052
372	0.119	0.357	96.963	89.613
373	0.115	0.388	97.089	89.123
374	0.123	0.384	96.773	88.942
375	0.113	0.367	97.047	89.553
376	0.118	0.370	96.981	89.694
377	0.112	0.394	97.133	88.732
378	0.115	0.419	97.161	88.492
379	0.113	0.346	97.157	90.154
380	0.116	0.356	97.009	89.523
381	0.113	0.363	97.167	89.784
382	0.108	0.358	97.284	89.493
383	0.114	0.384	97.169	89.002
384	0.113	0.364	97.137	89.423
385	0.110	0.378	97.244	89.012
386	0.110	0.350	97.278	90.034
387	0.111	0.386	97.238	88.842
388	0.109	0.354	97.308	89.954
389	0.105	0.349	97.362	89.533
390	0.114	0.385	97.139	89.273
391	0.108	0.338	97.314	90.294
392	0.109	0.362	97.278	89.293
393	0.104	0.439	97.410	87.881
394	0.107	0.344	97.324	89.884
395	0.106	0.384	97.336	89.683
396	0.105	0.432	97.416	88.381
397	0.105	0.392	97.400	88.982
398	0.112	0.344	97.169	89.844
399	0.100	0.366	97.444	89.653
400	0.105	0.382	97.424	89.183
401	0.102	0.402	97.454	88.812
402	0.104	0.367	97.372	89.563
403	0.106	0.377	97.372	89.513
404	0.103	0.382	97.456	89.423
405	0.104	0.341	97.458	90.194
406	0.100	0.376	97.498	89.413
407	0.100	0.340	97.578	90.495
408	0.102	0.372	97.470	89.333
409	0.096	0.348	97.660	90.254
410	0.102	0.399	97.482	89.283
411	0.100	0.439	97.520	87.981
412	0.099	0.362	97.550	89.794
413	0.101	0.386	97.492	89.203
414	0.098	0.338	97.574	90.415
415	0.107	0.349	97.306	90.034
416	0.103	0.373	97.484	89.533
417	0.100	0.350	97.506	90.134
418	0.096	0.340	97.674	90.325
419	0.097	0.376	97.564	89.183
420	0.098	0.347	97.592	90.194
421	0.097	0.380	97.678	89.443
422	0.102	0.375	97.502	89.613
423	0.097	0.368	97.586	89.874
424	0.094	0.360	97.672	89.984
425	0.089	0.416	97.875	88.552
426	0.095	0.429	97.666	88.411
427	0.094	0.340	97.690	90.425
428	0.091	0.331	97.823	90.565
429	0.092	0.361	97.766	90.174
430	0.094	0.374	97.764	89.844
431	0.092	0.348	97.750	90.495
432	0.089	0.399	97.855	89.153
433	0.086	0.359	97.935	90.254
434	0.092	0.360	97.720	90.034
435	0.090	0.347	97.750	90.315
436	0.089	0.351	97.855	90.415
437	0.091	0.407	97.780	89.263
438	0.093	0.338	97.732	90.365
439	0.092	0.360	97.758	90.004
440	0.094	0.438	97.680	88.652
441	0.093	0.358	97.770	89.934
442	0.090	0.346	97.869	90.244
443	0.087	0.328	97.903	90.956
444	0.083	0.364	97.955	90.054
445	0.088	0.351	97.881	90.355
446	0.092	0.382	97.780	89.143
447	0.086	0.360	97.821	90.204
448	0.090	0.351	97.776	90.114
449	0.083	0.338	98.003	90.465
450	0.088	0.348	97.841	90.204
451	0.086	0.348	97.905	90.365
452	0.083	0.373	98.011	89.834
453	0.084	0.383	97.997	89.503
454	0.085	0.385	97.915	89.183
455	0.082	0.381	98.093	89.694
456	0.081	0.370	98.073	90.054
457	0.079	0.355	98.151	90.365
458	0.080	0.357	98.117	90.425
459	0.079	0.358	98.139	90.184
460	0.080	0.386	98.075	89.954
461	0.084	0.360	98.007	90.244
462	0.081	0.352	98.095	90.345
463	0.081	0.343	98.053	90.605
464	0.080	0.344	98.131	90.625
465	0.078	0.327	98.205	91.166
466	0.072	0.328	98.379	90.705
467	0.074	0.334	98.377	90.495
468	0.072	0.341	98.379	90.595
469	0.075	0.344	98.219	90.665
470	0.077	0.359	98.213	90.164
471	0.075	0.347	98.219	90.625
472	0.075	0.334	98.257	90.875
473	0.070	0.363	98.433	90.244
474	0.071	0.332	98.329	90.585
475	0.074	0.333	98.295	90.925
476	0.072	0.341	98.343	91.056
477	0.072	0.340	98.351	90.415
478	0.072	0.349	98.381	90.425
479	0.069	0.346	98.421	90.946
480	0.075	0.345	98.265	90.795
481	0.070	0.342	98.472	90.635
482	0.072	0.375	98.351	89.884
483	0.068	0.348	98.407	90.685
484	0.070	0.372	98.365	90.214
485	0.071	0.341	98.367	90.795
486	0.071	0.368	98.371	90.325
487	0.068	0.361	98.397	90.194
488	0.068	0.339	98.448	90.815
489	0.066	0.389	98.500	89.533
490	0.065	0.359	98.572	90.124
491	0.064	0.334	98.562	91.036
492	0.070	0.320	98.383	91.086
493	0.066	0.369	98.514	90.114
494	0.058	0.363	98.784	90.345
495	0.065	0.350	98.506	90.865
496	0.061	0.343	98.630	90.835
497	0.059	0.355	98.698	90.635
498	0.061	0.321	98.646	91.326
499	0.059	0.348	98.712	90.915
500	0.061	0.333	98.602	91.116
501	0.062	0.345	98.624	91.006
502	0.062	0.350	98.662	90.956
503	0.062	0.382	98.536	89.734
504	0.060	0.379	98.666	90.144
505	0.056	0.337	98.808	90.885
506	0.061	0.325	98.612	91.396
507	0.056	0.345	98.768	91.136
508	0.056	0.351	98.822	90.505
509	0.055	0.365	98.760	90.485
510	0.056	0.335	98.786	91.036
511	0.055	0.334	98.848	91.216
512	0.054	0.360	98.812	90.765
513	0.055	0.331	98.792	91.456
514	0.051	0.343	98.936	91.076
515	0.051	0.327	98.974	91.506
516	0.050	0.331	98.946	91.386
517	0.053	0.358	98.862	90.745
518	0.055	0.352	98.838	90.705
519	0.052	0.343	98.942	90.845
520	0.048	0.352	98.988	90.845
521	0.049	0.335	98.976	91.466
522	0.049	0.324	98.968	91.697
523	0.047	0.341	99.089	91.286
524	0.048	0.343	99.002	91.066
525	0.049	0.355	98.972	90.825
526	0.045	0.332	99.105	91.376
527	0.049	0.349	99.004	91.146
528	0.049	0.352	98.992	90.966
529	0.047	0.358	99.056	90.765
530	0.047	0.349	99.032	91.116
531	0.045	0.321	99.052	91.406
532	0.044	0.337	99.109	91.246
533	0.046	0.331	99.040	91.296
534	0.045	0.330	99.135	91.526
535	0.043	0.339	99.167	91.386
536	0.041	0.348	99.213	90.825
537	0.042	0.341	99.171	91.536
538	0.041	0.338	99.199	91.536
539	0.040	0.351	99.249	90.795
540	0.040	0.337	99.185	91.496
541	0.039	0.342	99.277	91.296
542	0.042	0.328	99.199	91.747
543	0.037	0.321	99.381	91.937
544	0.038	0.324	99.279	91.486
545	0.037	0.327	99.309	91.546
546	0.036	0.356	99.293	91.136
547	0.038	0.337	99.285	91.587
548	0.036	0.323	99.357	91.937
549	0.033	0.329	99.437	91.536
550	0.034	0.323	99.399	91.977
551	0.036	0.330	99.289	91.677
552	0.035	0.346	99.353	91.617
553	0.032	0.332	99.441	91.827
554	0.034	0.345	99.369	91.446
555	0.033	0.331	99.439	91.837
556	0.033	0.335	99.399	91.617
557	0.032	0.346	99.425	91.707
558	0.031	0.351	99.433	91.286
559	0.031	0.329	99.453	92.037
560	0.030	0.319	99.495	91.937
561	0.032	0.336	99.425	91.657
562	0.029	0.326	99.501	92.027
563	0.030	0.337	99.481	91.717
564	0.029	0.331	99.481	91.927
565	0.028	0.339	99.493	91.757
566	0.028	0.330	99.549	92.007
567	0.026	0.325	99.597	92.298
568	0.027	0.333	99.581	91.997
569	0.025	0.331	99.637	91.677
570	0.024	0.336	99.617	91.787
571	0.026	0.327	99.587	91.837
572	0.025	0.319	99.629	92.077
573	0.025	0.341	99.619	91.647
574	0.024	0.338	99.647	91.827
575	0.026	0.335	99.553	91.847
576	0.024	0.347	99.595	92.127
577	0.024	0.324	99.655	92.388
578	0.024	0.346	99.629	92.017
579	0.023	0.326	99.667	92.117
580	0.026	0.324	99.585	92.157
581	0.023	0.317	99.659	92.268
582	0.023	0.336	99.683	92.198
583	0.022	0.338	99.663	92.228
584	0.022	0.339	99.686	91.997
585	0.022	0.340	99.675	92.167
586	0.022	0.333	99.665	92.067
587	0.021	0.336	99.692	92.107
588	0.021	0.330	99.716	92.628
589	0.021	0.334	99.692	92.127
590	0.019	0.330	99.768	92.198
591	0.019	0.315	99.770	92.548
592	0.018	0.318	99.806	92.648
593	0.017	0.333	99.782	92.268
594	0.019	0.323	99.722	92.498
595	0.018	0.322	99.774	92.468
596	0.018	0.329	99.756	92.328
597	0.019	0.328	99.748	92.408
598	0.018	0.326	99.746	92.398
599	0.018	0.327	99.752	92.558
600	0.017	0.331	99.788	92.478
601	0.016	0.334	99.800	92.137
602	0.018	0.326	99.760	92.328
603	0.017	0.339	99.794	92.137
604	0.017	0.336	99.794	92.368
605	0.017	0.347	99.784	92.137
606	0.017	0.330	99.772	92.298
607	0.019	0.333	99.718	92.468
608	0.019	0.358	99.720	91.847
609	0.019	0.332	99.720	92.388
610	0.017	0.345	99.804	92.127
611	0.019	0.348	99.748	92.238
612	0.020	0.330	99.696	92.308
613	0.020	0.347	99.722	92.167
614	0.021	0.342	99.690	92.097
615	0.020	0.348	99.712	92.007
616	0.021	0.332	99.669	92.338
617	0.021	0.345	99.653	91.977
618	0.021	0.350	99.690	91.807
619	0.022	0.342	99.641	92.188
620	0.021	0.335	99.702	92.027
621	0.025	0.339	99.579	91.807
622	0.023	0.347	99.641	92.067
623	0.022	0.354	99.643	92.017
624	0.022	0.343	99.655	92.087
625	0.024	0.348	99.597	91.817
626	0.027	0.350	99.521	91.847
627	0.026	0.374	99.557	91.166
628	0.027	0.356	99.513	91.556
629	0.027	0.352	99.495	91.657
630	0.026	0.350	99.519	91.577
631	0.029	0.341	99.485	92.007
632	0.031	0.329	99.389	91.987
633	0.026	0.341	99.547	91.907
634	0.028	0.362	99.509	91.306
635	0.029	0.360	99.523	91.436
636	0.028	0.356	99.501	91.546
637	0.027	0.362	99.503	91.396
638	0.030	0.340	99.427	91.677
639	0.030	0.358	99.461	91.496
640	0.030	0.335	99.455	91.807
641	0.033	0.380	99.359	91.036
642	0.032	0.363	99.377	91.296
643	0.033	0.373	99.345	91.016
644	0.035	0.349	99.317	91.456
645	0.034	0.358	99.351	91.466
646	0.034	0.351	99.315	91.416
647	0.035	0.343	99.297	91.627
648	0.033	0.376	99.357	91.076
649	0.030	0.346	99.419	91.807
650	0.034	0.350	99.317	91.687
651	0.032	0.347	99.423	91.597
652	0.036	0.371	99.251	91.006
653	0.039	0.335	99.195	91.907
654	0.033	0.354	99.353	91.366
655	0.035	0.391	99.281	90.815
656	0.036	0.360	99.265	91.386
657	0.034	0.350	99.367	91.436
658	0.035	0.331	99.351	91.577
659	0.030	0.357	99.427	91.556
660	0.030	0.336	99.459	91.867
661	0.034	0.361	99.317	91.416
662	0.034	0.382	99.331	90.835
663	0.033	0.349	99.333	91.476
664	0.035	0.351	99.311	91.657
665	0.030	0.359	99.449	91.456
666	0.029	0.337	99.457	91.657
667	0.030	0.344	99.455	91.677
668	0.029	0.339	99.495	91.807
669	0.028	0.340	99.523	91.757
670	0.029	0.352	99.483	91.556
671	0.033	0.353	99.363	91.366
672	0.029	0.343	99.475	91.927
673	0.028	0.362	99.479	91.577
674	0.027	0.326	99.533	92.117
675	0.028	0.357	99.475	91.546
676	0.030	0.332	99.457	92.037
677	0.027	0.343	99.511	91.506
678	0.027	0.334	99.527	91.787
679	0.027	0.335	99.513	91.917
680	0.026	0.325	99.549	92.308
681	0.026	0.337	99.565	92.037
682	0.024	0.351	99.591	91.466
683	0.025	0.326	99.593	92.067
684	0.025	0.322	99.583	92.338
685	0.024	0.327	99.577	92.147
686	0.022	0.338	99.653	91.907
687	0.022	0.342	99.647	91.957
688	0.021	0.349	99.696	91.667
689	0.021	0.334	99.696	92.228
690	0.022	0.339	99.661	92.047
691	0.021	0.334	99.679	92.107
692	0.022	0.336	99.633	92.017
693	0.022	0.332	99.619	92.147
694	0.020	0.326	99.688	92.198
695	0.018	0.333	99.734	92.238
696	0.018	0.332	99.758	92.308
697	0.020	0.348	99.675	92.107
698	0.018	0.334	99.758	92.218
699	0.019	0.333	99.728	92.248
700	0.020	0.324	99.690	92.348
701	0.017	0.323	99.784	92.508
702	0.018	0.329	99.770	92.538
703	0.018	0.328	99.748	92.408
704	0.018	0.337	99.732	92.097
705	0.017	0.329	99.750	92.097
706	0.017	0.331	99.766	92.458
707	0.016	0.318	99.776	92.458
708	0.016	0.334	99.786	92.398
709	0.015	0.324	99.836	92.558
710	0.016	0.330	99.814	92.268
711	0.015	0.327	99.804	92.378
712	0.015	0.324	99.806	92.568
713	0.015	0.336	99.806	92.318
714	0.015	0.331	99.818	92.448
715	0.014	0.328	99.844	92.498
716	0.013	0.321	99.888	92.598
717	0.013	0.324	99.886	92.558
718	0.013	0.323	99.862	92.668
719	0.013	0.324	99.872	92.708
720	0.013	0.328	99.856	92.578
721	0.014	0.343	99.830	92.388
722	0.013	0.342	99.866	92.198
723	0.013	0.329	99.888	92.418
724	0.013	0.338	99.846	92.388
725	0.013	0.332	99.866	92.308
726	0.012	0.325	99.888	92.458
727	0.013	0.319	99.844	92.618
728	0.013	0.337	99.856	92.478
729	0.011	0.312	99.902	92.718
730	0.012	0.334	99.870	92.668
731	0.011	0.330	99.892	92.458
732	0.011	0.322	99.898	92.798
733	0.011	0.320	99.898	92.618
734	0.011	0.341	99.894	92.298
735	0.010	0.334	99.934	92.578
736	0.011	0.347	99.900	92.458
737	0.011	0.333	99.894	92.518
738	0.011	0.331	99.916	92.378
739	0.011	0.331	99.916	92.648
740	0.011	0.328	99.916	92.808
741	0.010	0.335	99.920	92.578
742	0.010	0.326	99.916	92.768
743	0.010	0.345	99.936	92.388
744	0.010	0.347	99.940	92.258
745	0.011	0.332	99.886	92.648
746	0.010	0.328	99.936	92.808
747	0.010	0.338	99.898	92.608
748	0.010	0.331	99.916	92.608
749	0.010	0.333	99.936	92.708
750	0.010	0.325	99.940	92.698
751	0.010	0.332	99.936	92.718
752	0.010	0.324	99.932	92.738
753	0.009	0.328	99.942	92.448
754	0.009	0.330	99.946	92.678
755	0.009	0.326	99.948	92.829
756	0.009	0.320	99.954	92.728
757	0.009	0.334	99.934	92.778
758	0.010	0.324	99.924	92.668
759	0.009	0.325	99.924	92.839
760	0.009	0.334	99.956	92.668
761	0.009	0.335	99.946	92.718
762	0.009	0.336	99.936	92.548
763	0.009	0.323	99.936	92.819
764	0.009	0.347	99.940	92.678
765	0.009	0.335	99.952	92.488
766	0.009	0.331	99.934	92.538
767	0.009	0.335	99.954	92.688
768	0.009	0.340	99.922	92.618
769	0.009	0.342	99.954	92.608
770	0.009	0.334	99.948	92.849
771	0.008	0.329	99.942	92.618
772	0.009	0.334	99.944	92.718
773	0.009	0.331	99.952	92.829
774	0.009	0.336	99.942	92.698
775	0.009	0.335	99.946	92.368
776	0.008	0.331	99.960	92.638
777	0.009	0.338	99.934	92.638
778	0.008	0.341	99.950	92.408
779	0.008	0.341	99.966	92.488
780	0.009	0.331	99.926	92.678
781	0.009	0.344	99.948	92.578
782	0.009	0.336	99.944	92.808
783	0.008	0.346	99.958	92.578
784	0.009	0.329	99.934	92.869
785	0.008	0.329	99.956	92.778
786	0.008	0.331	99.948	92.678
787	0.008	0.329	99.948	92.688
788	0.008	0.320	99.954	92.899
789	0.009	0.334	99.936	92.678
790	0.008	0.330	99.966	92.879
791	0.008	0.329	99.964	92.808
792	0.008	0.332	99.944	92.738
793	0.008	0.337	99.964	92.568
794	0.008	0.331	99.950	92.718
795	0.008	0.334	99.948	92.949
796	0.008	0.332	99.950	92.748
797	0.008	0.324	99.942	92.819
798	0.008	0.329	99.962	92.728
799	0.008	0.323	99.960	92.708
